<?xml version="1.0" ?>
<!DOCTYPE coverage SYSTEM "http://cobertura.sourceforge.net/xml/coverage-04.dtd">
<coverage lines-valid="7" lines-covered="7" line-rate="1" branches-valid="2" branches-covered="2" branch-rate="1" timestamp="1724954355108" complexity="0" version="0.1">
  <sources>
    <source>C:\Users\Abhik\OneDrive\Desktop\node\men-mocha-chai-report</source>
  </sources>
  <packages>
    <package name="main" line-rate="1" branch-rate="1">
      <classes>
        <class name="calculator.js" filename="src\calculator.js" line-rate="1" branch-rate="1">
          <methods>
            <method name="(anonymous_0)" hits="1" signature="()V">
              <lines>
                <line number="5" hits="1"/>
              </lines>
            </method>
            <method name="(anonymous_1)" hits="2" signature="()V">
              <lines>
                <line number="9" hits="2"/>
              </lines>
            </method>
            <method name="(anonymous_2)" hits="1" signature="()V">
              <lines>
                <line number="16" hits="1"/>
              </lines>
            </method>
          </methods>
          <lines>
            <line number="1" hits="1" branch="false"/>
            <line number="6" hits="1" branch="false"/>
            <line number="10" hits="2" branch="true" condition-coverage="100% (2/2)"/>
            <line number="11" hits="1" branch="false"/>
            <line number="13" hits="1" branch="false"/>
            <line number="17" hits="1" branch="false"/>
            <line number="21" hits="1" branch="false"/>
          </lines>
        </class>
      </classes>
    </package>
  </packages>
</coverage>
